[2025-03-26T18:32:04.200Z] Primary process is running
[2025-03-26T18:32:04.217Z] Worker started on port 3000
[2025-03-26T18:32:04.225Z] Worker started on port 3001
[2025-03-26T18:32:04.239Z] Worker started on port 3002
[2025-03-26T18:32:04.247Z] Worker started on port 3003
[2025-03-26T18:32:04.254Z] Worker started on port 3004
[2025-03-26T18:32:04.261Z] Worker started on port 3005
[2025-03-26T18:32:04.286Z] Worker started on port 3006
[2025-03-26T18:32:04.298Z] Worker started on port 3007
[2025-03-26T18:32:04.326Z] Worker started on port 3008
[2025-03-26T18:32:04.335Z] Worker started on port 3009
[2025-03-26T18:32:04.343Z] Worker started on port 3010
[2025-03-26T18:32:04.374Z] Worker started on port 3011
[2025-03-26T18:32:04.383Z] Worker started on port 3012
[2025-03-26T18:32:04.390Z] Worker started on port 3013
[2025-03-26T18:32:04.399Z] Worker started on port 3014
[2025-03-26T18:32:04.406Z] Worker started on port 3015
[2025-03-26T18:32:04.415Z] Worker started on port 3016
[2025-03-26T18:32:04.454Z] Worker started on port 3017
[2025-03-26T18:32:04.462Z] Worker started on port 3018
[2025-03-26T18:32:04.470Z] Worker started on port 3019
[2025-03-26T18:32:04.476Z] Worker started on port 3020
[2025-03-26T18:32:04.560Z] Worker started on port 3021
[2025-03-26T18:32:04.566Z] Worker started on port 3022
[2025-03-26T18:32:04.577Z] Worker started on port 3023
[2025-03-26T18:32:04.586Z] Worker started on port 3024
[2025-03-26T18:32:04.593Z] Worker started on port 3025
[2025-03-26T18:32:04.740Z] Worker started on port 3026
[2025-03-26T18:32:04.746Z] Worker started on port 3027
[2025-03-26T18:32:04.754Z] Worker started on port 3028
[2025-03-26T18:32:04.768Z] Worker started on port 3029
[2025-03-26T18:32:04.877Z] Worker started on port 3030
[2025-03-26T18:32:04.884Z] Worker started on port 3031
[2025-03-26T18:32:05.097Z] Worker started on port 3032
[2025-03-26T18:32:05.104Z] Worker started on port 3033
[2025-03-26T18:32:05.438Z] Worker started on port 3034
[2025-03-26T18:32:05.445Z] Worker started on port 3035
[2025-03-26T18:32:05.743Z] Worker started on port 3036
[2025-03-26T18:32:05.779Z] Worker started on port 3037
[2025-03-26T18:32:06.084Z] Worker started on port 3038
[2025-03-26T18:32:06.253Z] Worker started on port 3039
[2025-03-26T18:32:06.577Z] Worker started on port 3040
[2025-03-26T18:32:07.243Z] Worker started on port 3041
[2025-03-26T18:32:07.646Z] Worker started on port 3042
[2025-03-26T18:32:08.321Z] Worker started on port 3043
[2025-03-26T18:32:08.603Z] Worker started on port 3044
[2025-03-26T18:32:09.340Z] Worker started on port 3045
[2025-03-26T18:32:10.141Z] Worker started on port 3046
[2025-03-26T18:32:12.374Z] DB Connected, Worker started on port 3005
[2025-03-26T18:32:12.377Z] DB Connected, Worker started on port 3006
[2025-03-26T18:32:12.384Z] DB Connected, Worker started on port 3016
[2025-03-26T18:32:12.386Z] DB Connected, Worker started on port 3009
[2025-03-26T18:32:12.449Z] Worker started on port 3047
[2025-03-26T18:32:12.577Z] DB Connected, Worker started on port 3002
[2025-03-26T18:32:12.775Z] DB Connected, Worker started on port 3010
[2025-03-26T18:32:14.071Z] DB Connected, Worker started on port 3012
[2025-03-26T18:32:14.162Z] Worker started on port 3048
[2025-03-26T18:32:14.253Z] DB Connected, Worker started on port 3018
[2025-03-26T18:32:14.508Z] Worker started on port 3049
[2025-03-26T18:32:14.524Z] Active Ports: 3000, 3001, 3002, 3003, 3004, 3005, 3006, 3007, 3008, 3009, 3010, 3011, 3012, 3013, 3014, 3015, 3016, 3017, 3018, 3019, 3020, 3021, 3022, 3023, 3024, 3025, 3026, 3027, 3028, 3029, 3030, 3031, 3032, 3033, 3034, 3035, 3036, 3037, 3038, 3039, 3040, 3041, 3042, 3043, 3044, 3045, 3046, 3047, 3048, 3049
[2025-03-26T18:32:14.764Z] Load balancer running on port 8000
[2025-03-26T18:32:15.708Z] DB Connected, Worker started on port 3004
[2025-03-26T18:32:15.747Z] DB Connected, Worker started on port 3008
[2025-03-26T18:32:15.750Z] DB Connected, Worker started on port 3013
[2025-03-26T18:32:15.754Z] DB Connected, Worker started on port 3011
[2025-03-26T18:32:15.850Z] DB Connected, Worker started on port 3000
[2025-03-26T18:32:15.825Z] DB Connected, Worker started on port 3020
[2025-03-26T18:32:15.858Z] DB Connected, Worker started on port 3003
[2025-03-26T18:32:16.193Z] Server running on port 3002
[2025-03-26T18:32:16.236Z] Server running on port 3005
[2025-03-26T18:32:16.242Z] Server running on port 3006
[2025-03-26T18:32:16.276Z] Server running on port 3009
[2025-03-26T18:32:16.275Z] Server running on port 3012
[2025-03-26T18:32:16.305Z] Server running on port 3013
[2025-03-26T18:32:16.306Z] Server running on port 3010
[2025-03-26T18:32:16.337Z] Server running on port 3008
[2025-03-26T18:32:16.362Z] Server running on port 3020
[2025-03-26T18:32:16.361Z] Server running on port 3018
[2025-03-26T18:32:16.366Z] Server running on port 3016
[2025-03-26T18:32:16.390Z] Server running on port 3000
[2025-03-26T18:32:16.487Z] Server running on port 3004
[2025-03-26T18:32:16.491Z] Server running on port 3003
[2025-03-26T18:32:16.548Z] Server running on port 3011
[2025-03-26T18:32:17.546Z] DB Connected, Worker started on port 3022
[2025-03-26T18:32:17.597Z] DB Connected, Worker started on port 3001
[2025-03-26T18:32:17.704Z] DB Connected, Worker started on port 3015
[2025-03-26T18:32:18.488Z] Server running on port 3001
[2025-03-26T18:32:18.363Z] Server running on port 3022
[2025-03-26T18:32:18.503Z] Server running on port 3015
[2025-03-26T18:32:18.716Z] DB Connected, Worker started on port 3023
[2025-03-26T18:32:20.621Z] Server running on port 3023
[2025-03-26T18:32:27.003Z] DB Connected, Worker started on port 3029
[2025-03-26T18:32:27.037Z] DB Connected, Worker started on port 3046
[2025-03-26T18:32:27.042Z] DB Connected, Worker started on port 3028
[2025-03-26T18:32:27.038Z] DB Connected, Worker started on port 3048
[2025-03-26T18:32:27.060Z] DB Connected, Worker started on port 3026
[2025-03-26T18:32:27.045Z] DB Connected, Worker started on port 3031
[2025-03-26T18:32:27.060Z] DB Connected, Worker started on port 3014
[2025-03-26T18:32:27.079Z] DB Connected, Worker started on port 3017
[2025-03-26T18:32:27.103Z] DB Connected, Worker started on port 3032
[2025-03-26T18:32:27.094Z] DB Connected, Worker started on port 3021
[2025-03-26T18:32:27.101Z] DB Connected, Worker started on port 3025
[2025-03-26T18:32:27.126Z] DB Connected, Worker started on port 3019
[2025-03-26T18:32:27.142Z] DB Connected, Worker started on port 3007
[2025-03-26T18:32:27.145Z] DB Connected, Worker started on port 3024
[2025-03-26T18:32:27.156Z] DB Connected, Worker started on port 3049
[2025-03-26T18:32:27.239Z] DB Connected, Worker started on port 3027
[2025-03-26T18:32:27.229Z] Server running on port 3026
[2025-03-26T18:32:27.255Z] Server running on port 3029
[2025-03-26T18:32:27.279Z] Server running on port 3017
[2025-03-26T18:32:27.311Z] Server running on port 3046
[2025-03-26T18:32:27.335Z] Server running on port 3021
[2025-03-26T18:32:27.338Z] Server running on port 3048
[2025-03-26T18:32:27.334Z] Server running on port 3014
[2025-03-26T18:32:27.357Z] Server running on port 3032
[2025-03-26T18:32:27.373Z] Server running on port 3025
[2025-03-26T18:32:27.358Z] Server running on port 3031
[2025-03-26T18:32:27.379Z] Server running on port 3028
[2025-03-26T18:32:27.427Z] Server running on port 3007
[2025-03-26T18:32:27.417Z] Server running on port 3027
[2025-03-26T18:32:27.489Z] Server running on port 3049
[2025-03-26T18:32:27.528Z] Server running on port 3019
[2025-03-26T18:32:27.547Z] Server running on port 3024
[2025-03-26T18:32:29.494Z] DB Connected, Worker started on port 3047
[2025-03-26T18:32:29.502Z] DB Connected, Worker started on port 3037
[2025-03-26T18:32:29.530Z] DB Connected, Worker started on port 3038
[2025-03-26T18:32:29.556Z] DB Connected, Worker started on port 3034
[2025-03-26T18:32:29.571Z] DB Connected, Worker started on port 3036
[2025-03-26T18:32:29.771Z] Server running on port 3047
[2025-03-26T18:32:29.779Z] Server running on port 3034
[2025-03-26T18:32:29.747Z] Server running on port 3037
[2025-03-26T18:32:29.786Z] Server running on port 3036
[2025-03-26T18:32:29.790Z] Server running on port 3038
[2025-03-26T18:32:34.041Z] DB Connected, Worker started on port 3043
[2025-03-26T18:32:34.041Z] DB Connected, Worker started on port 3033
[2025-03-26T18:32:34.049Z] DB Connected, Worker started on port 3045
[2025-03-26T18:32:34.069Z] DB Connected, Worker started on port 3035
[2025-03-26T18:32:34.085Z] DB Connected, Worker started on port 3040
[2025-03-26T18:32:34.089Z] DB Connected, Worker started on port 3030
[2025-03-26T18:32:34.089Z] DB Connected, Worker started on port 3042
[2025-03-26T18:32:34.102Z] DB Connected, Worker started on port 3041
[2025-03-26T18:32:34.115Z] Server running on port 3033
[2025-03-26T18:32:34.114Z] DB Connected, Worker started on port 3044
[2025-03-26T18:32:34.123Z] Server running on port 3045
[2025-03-26T18:32:34.129Z] Server running on port 3043
[2025-03-26T18:32:34.140Z] Server running on port 3030
[2025-03-26T18:32:34.146Z] Server running on port 3042
[2025-03-26T18:32:34.168Z] Server running on port 3041
[2025-03-26T18:32:34.173Z] Server running on port 3040
[2025-03-26T18:32:34.175Z] Server running on port 3035
[2025-03-26T18:32:34.206Z] Server running on port 3044
[2025-03-26T18:32:34.340Z] DB Connected, Worker started on port 3039
[2025-03-26T18:32:34.458Z] Server running on port 3039

=========================
📅 Timestamp (UTC): 2025-03-26T18:33:08.765Z
⏰ Local Time: 3/27/2025, 12:03:08 AM
🔹 Action: Fetch All Users
🔍 Query: SELECT * FROM USER
✅ Status: Success
📥 Received Port: 3000
💻 Device ID: Mozilla/5.0 (Windows NT 10.0; Win64; x64) AppleWebKit/537.36 (KHTML, like Gecko) Chrome/134.0.0.0 Safari/537.36
🌐 IP Address: Unknown (Localhost)
✅ No Errors
=========================
