[2025-04-06T12:23:27.283Z] Primary process is running
[2025-04-06T12:23:27.302Z] Worker started on port 3000
[2025-04-06T12:23:27.310Z] Worker started on port 3001
[2025-04-06T12:23:27.322Z] Worker started on port 3002
[2025-04-06T12:23:27.337Z] Worker started on port 3003
[2025-04-06T12:23:27.345Z] Worker started on port 3004
[2025-04-06T12:23:27.362Z] Worker started on port 3005
[2025-04-06T12:23:27.407Z] Worker started on port 3006
[2025-04-06T12:23:27.414Z] Worker started on port 3007
[2025-04-06T12:23:27.442Z] Worker started on port 3008
[2025-04-06T12:23:27.449Z] Worker started on port 3009
[2025-04-06T12:23:27.546Z] Worker started on port 3010
[2025-04-06T12:23:27.672Z] Worker started on port 3011
[2025-04-06T12:23:27.761Z] Worker started on port 3012
[2025-04-06T12:23:27.770Z] Worker started on port 3013
[2025-04-06T12:23:27.776Z] Worker started on port 3014
[2025-04-06T12:23:27.787Z] Worker started on port 3015
[2025-04-06T12:23:27.843Z] Worker started on port 3016
[2025-04-06T12:23:27.935Z] Worker started on port 3017
[2025-04-06T12:23:28.055Z] Worker started on port 3018
[2025-04-06T12:23:28.075Z] Worker started on port 3019
[2025-04-06T12:23:28.175Z] Worker started on port 3020
[2025-04-06T12:23:28.367Z] Worker started on port 3021
[2025-04-06T12:23:28.536Z] Worker started on port 3022
[2025-04-06T12:23:28.546Z] Worker started on port 3023
[2025-04-06T12:23:28.557Z] Worker started on port 3024
[2025-04-06T12:23:28.565Z] Worker started on port 3025
[2025-04-06T12:23:28.575Z] Worker started on port 3026
[2025-04-06T12:23:28.772Z] Worker started on port 3027
[2025-04-06T12:23:28.802Z] Worker started on port 3028
[2025-04-06T12:23:28.811Z] Worker started on port 3029
[2025-04-06T12:23:28.962Z] Worker started on port 3030
[2025-04-06T12:23:28.990Z] Worker started on port 3031
[2025-04-06T12:23:29.202Z] Worker started on port 3032
[2025-04-06T12:23:29.379Z] Worker started on port 3033
[2025-04-06T12:23:29.603Z] Worker started on port 3034
[2025-04-06T12:23:29.903Z] DB Connected, Worker started on port 3002
[2025-04-06T12:23:29.908Z] DB Connected, Worker started on port 3001
[2025-04-06T12:23:30.038Z] Worker started on port 3035
[2025-04-06T12:23:30.457Z] Worker started on port 3036
[2025-04-06T12:23:30.578Z] Worker started on port 3037
[2025-04-06T12:23:30.584Z] DB Connected, Worker started on port 3005
[2025-04-06T12:23:30.764Z] Worker started on port 3038
[2025-04-06T12:23:31.109Z] DB Connected, Worker started on port 3000
[2025-04-06T12:23:31.196Z] Worker started on port 3039
[2025-04-06T12:23:31.209Z] Worker started on port 3040
[2025-04-06T12:23:31.218Z] Worker started on port 3041
[2025-04-06T12:23:31.225Z] Worker started on port 3042
[2025-04-06T12:23:31.454Z] Worker started on port 3043
[2025-04-06T12:23:31.490Z] DB Connected, Worker started on port 3008
[2025-04-06T12:23:31.833Z] Worker started on port 3044
[2025-04-06T12:23:31.847Z] DB Connected, Worker started on port 3003
[2025-04-06T12:23:31.882Z] DB Connected, Worker started on port 3007
[2025-04-06T12:23:31.995Z] DB Connected, Worker started on port 3004
[2025-04-06T12:23:32.045Z] DB Connected, Worker started on port 3010
[2025-04-06T12:23:32.365Z] Worker started on port 3045
[2025-04-06T12:23:32.677Z] Worker started on port 3046
[2025-04-06T12:23:32.928Z] Worker started on port 3047
[2025-04-06T12:23:32.949Z] Worker started on port 3048
[2025-04-06T12:23:33.118Z] Worker started on port 3049
[2025-04-06T12:23:33.179Z] Active Ports: 3000, 3001, 3002, 3003, 3004, 3005, 3006, 3007, 3008, 3009, 3010, 3011, 3012, 3013, 3014, 3015, 3016, 3017, 3018, 3019, 3020, 3021, 3022, 3023, 3024, 3025, 3026, 3027, 3028, 3029, 3030, 3031, 3032, 3033, 3034, 3035, 3036, 3037, 3038, 3039, 3040, 3041, 3042, 3043, 3044, 3045, 3046, 3047, 3048, 3049
[2025-04-06T12:23:33.222Z] Load balancer running on port 8000
[2025-04-06T12:23:33.263Z] Server running on port 3001
[2025-04-06T12:23:33.263Z] Server running on port 3000
[2025-04-06T12:23:33.265Z] Server running on port 3004
[2025-04-06T12:23:33.267Z] Server running on port 3005
[2025-04-06T12:23:33.269Z] Server running on port 3002
[2025-04-06T12:23:33.268Z] Server running on port 3003
[2025-04-06T12:23:33.272Z] Server running on port 3008
[2025-04-06T12:23:33.270Z] Server running on port 3007
[2025-04-06T12:23:33.273Z] Server running on port 3010
[2025-04-06T12:23:34.539Z] DB Connected, Worker started on port 3014
[2025-04-06T12:23:34.564Z] Server running on port 3014
[2025-04-06T12:23:34.628Z] DB Connected, Worker started on port 3009
[2025-04-06T12:23:34.635Z] Server running on port 3009
[2025-04-06T12:23:36.825Z] DB Connected, Worker started on port 3013
[2025-04-06T12:23:36.831Z] DB Connected, Worker started on port 3011
[2025-04-06T12:23:36.837Z] Server running on port 3013
[2025-04-06T12:23:36.841Z] Server running on port 3011
[2025-04-06T12:23:36.932Z] DB Connected, Worker started on port 3006
[2025-04-06T12:23:36.939Z] Server running on port 3006
[2025-04-06T12:23:37.050Z] DB Connected, Worker started on port 3015
[2025-04-06T12:23:37.057Z] Server running on port 3015
[2025-04-06T12:23:42.442Z] DB Connected, Worker started on port 3017
[2025-04-06T12:23:42.450Z] DB Connected, Worker started on port 3025
[2025-04-06T12:23:42.460Z] Server running on port 3025
[2025-04-06T12:23:42.503Z] Server running on port 3017
[2025-04-06T12:23:42.766Z] DB Connected, Worker started on port 3012
[2025-04-06T12:23:42.774Z] Server running on port 3012
[2025-04-06T12:23:42.805Z] DB Connected, Worker started on port 3024
[2025-04-06T12:23:42.815Z] Server running on port 3024
[2025-04-06T12:23:48.012Z] DB Connected, Worker started on port 3026
[2025-04-06T12:23:48.029Z] Server running on port 3026
[2025-04-06T12:23:48.988Z] DB Connected, Worker started on port 3018
[2025-04-06T12:23:49.002Z] Server running on port 3018
[2025-04-06T12:23:49.014Z] DB Connected, Worker started on port 3023
[2025-04-06T12:23:49.024Z] Server running on port 3023
[2025-04-06T12:23:52.207Z] DB Connected, Worker started on port 3040
[2025-04-06T12:23:52.217Z] Server running on port 3040
[2025-04-06T12:23:52.294Z] DB Connected, Worker started on port 3021
[2025-04-06T12:23:52.310Z] Server running on port 3021
[2025-04-06T12:23:52.331Z] DB Connected, Worker started on port 3019
[2025-04-06T12:23:52.332Z] DB Connected, Worker started on port 3022
[2025-04-06T12:23:52.347Z] Server running on port 3019
[2025-04-06T12:23:52.352Z] Server running on port 3022
[2025-04-06T12:23:52.694Z] DB Connected, Worker started on port 3020
[2025-04-06T12:23:52.696Z] DB Connected, Worker started on port 3028
[2025-04-06T12:23:52.706Z] Server running on port 3020
[2025-04-06T12:23:52.705Z] Server running on port 3028
[2025-04-06T12:23:52.812Z] DB Connected, Worker started on port 3037
[2025-04-06T12:23:52.812Z] DB Connected, Worker started on port 3027
[2025-04-06T12:23:52.827Z] Server running on port 3027
[2025-04-06T12:23:52.827Z] Server running on port 3037
[2025-04-06T12:23:52.835Z] DB Connected, Worker started on port 3034
[2025-04-06T12:23:52.838Z] DB Connected, Worker started on port 3041
[2025-04-06T12:23:52.846Z] Server running on port 3034
[2025-04-06T12:23:52.852Z] Server running on port 3041
[2025-04-06T12:23:52.862Z] DB Connected, Worker started on port 3029
[2025-04-06T12:23:52.877Z] Server running on port 3029
[2025-04-06T12:23:53.073Z] DB Connected, Worker started on port 3016
[2025-04-06T12:23:53.086Z] Server running on port 3016
[2025-04-06T12:23:53.137Z] DB Connected, Worker started on port 3042
[2025-04-06T12:23:53.151Z] Server running on port 3042
[2025-04-06T12:23:53.247Z] DB Connected, Worker started on port 3047
[2025-04-06T12:23:53.264Z] Server running on port 3047
[2025-04-06T12:23:53.292Z] DB Connected, Worker started on port 3039
[2025-04-06T12:23:53.301Z] Server running on port 3039
[2025-04-06T12:23:53.452Z] DB Connected, Worker started on port 3031
[2025-04-06T12:23:53.461Z] Server running on port 3031
[2025-04-06T12:23:53.549Z] DB Connected, Worker started on port 3033
[2025-04-06T12:23:53.548Z] DB Connected, Worker started on port 3044
[2025-04-06T12:23:53.552Z] DB Connected, Worker started on port 3036
[2025-04-06T12:23:53.559Z] Server running on port 3044
[2025-04-06T12:23:53.561Z] Server running on port 3033
[2025-04-06T12:23:53.563Z] Server running on port 3036
[2025-04-06T12:23:53.846Z] DB Connected, Worker started on port 3032
[2025-04-06T12:23:53.855Z] Server running on port 3032
[2025-04-06T12:23:54.471Z] DB Connected, Worker started on port 3046
[2025-04-06T12:23:54.542Z] Server running on port 3046
[2025-04-06T12:23:55.086Z] DB Connected, Worker started on port 3048
[2025-04-06T12:23:55.096Z] Server running on port 3048
[2025-04-06T12:23:55.572Z] DB Connected, Worker started on port 3035
[2025-04-06T12:23:55.581Z] Server running on port 3035
[2025-04-06T12:23:55.648Z] DB Connected, Worker started on port 3030
[2025-04-06T12:23:55.656Z] Server running on port 3030
[2025-04-06T12:23:55.947Z] DB Connected, Worker started on port 3038
[2025-04-06T12:23:55.960Z] Server running on port 3038
[2025-04-06T12:23:56.346Z] DB Connected, Worker started on port 3049
[2025-04-06T12:23:56.359Z] Server running on port 3049
[2025-04-06T12:23:56.509Z] DB Connected, Worker started on port 3045
[2025-04-06T12:23:56.520Z] Server running on port 3045
[2025-04-06T12:23:57.086Z] DB Connected, Worker started on port 3043
[2025-04-06T12:23:57.093Z] Server running on port 3043

=========================
📅 Timestamp (UTC): 2025-04-06T12:24:36.161Z
⏰ Local Time: 4/6/2025, 5:54:36 PM
🔹 Action: Fetch All Users
🔍 Query: SELECT * FROM TESTAPI
✅ Status: Success
📥 Received Port: 3000
💻 Device ID: Thunder Client (https://www.thunderclient.com)
🌐 IP Address: Unknown (Localhost)
✅ No Errors
=========================

=========================
📅 Timestamp (UTC): 2025-04-06T12:26:33.367Z
⏰ Local Time: 4/6/2025, 5:56:33 PM
🔹 Action: Fetch All Users
🔍 Query: SELECT * FROM TESTAPI
✅ Status: Success
📥 Received Port: 3001
💻 Device ID: Thunder Client (https://www.thunderclient.com)
🌐 IP Address: Unknown (Localhost)
✅ No Errors
=========================
